<?xml version="1.0" encoding="UTF-8"?>
<!-- Generated by org.testng.reporters.JUnitReportReporter -->
<testsuite hostname="LAPTOP-KUBDACGK" failures="0" tests="1" name="Activities.Activity3" time="7.779" errors="0" timestamp="2021-01-06T11:25:30 PST" skipped="0">
  <testcase classname="Activities.Activity3" name="addContact" time="7.779"/>
  <system-out/>
</testsuite> <!-- Activities.Activity3 -->
