<?xml version="1.0" encoding="UTF-8"?>
<!-- Generated by org.testng.reporters.JUnitReportReporter -->
<testsuite hostname="LAPTOP-KUBDACGK" failures="0" tests="4" name="Activities.Activity2_2" time="15.342" errors="0" timestamp="2021-01-06T11:33:43 PST" skipped="0">
  <testcase classname="Activities.Activity2_2" name="divide" time="3.692"/>
  <system-out/>
  <testcase classname="Activities.Activity2_2" name="multiply" time="4.656"/>
  <system-out/>
  <testcase classname="Activities.Activity2_2" name="add" time="3.423"/>
  <system-out/>
  <testcase classname="Activities.Activity2_2" name="subtract" time="3.571"/>
  <system-out/>
</testsuite> <!-- Activities.Activity2_2 -->
