<?xml version="1.0" encoding="UTF-8"?>
<!-- Generated by org.testng.reporters.JUnitReportReporter -->
<testsuite hostname="LAPTOP-KUBDACGK" failures="0" tests="1" name="Activities.Activity2_3" time="10.588" errors="0" timestamp="2021-01-06T22:12:50 PST" skipped="0">
  <testcase classname="Activities.Activity2_3" name="addContact" time="10.588"/>
  <system-out/>
</testsuite> <!-- Activities.Activity2_3 -->
