<?xml version="1.0" encoding="UTF-8"?>
<!-- Generated by org.testng.reporters.JUnitReportReporter -->
<testsuite hostname="LAPTOP-KUBDACGK" failures="0" tests="1" name="Activities.Activity2" time="3.208" errors="0" timestamp="2021-01-05T22:00:28 PST" skipped="0">
  <testcase classname="Activities.Activity2" name="multiply" time="3.208"/>
  <system-out/>
</testsuite> <!-- Activities.Activity2 -->
